2025-01-27 16:00:00 - LinkedIn PDF Report Generation
===============================================================

EXECUTION SUMMARY
=================
Project: Netflix Movie Recommendation Optimizer
Task: Generate LinkedIn-ready PDF report
Generator: generate_linkedin_pdf.py
Execution Time: 2025-01-27 16:00:00
Status: SUCCESS

OUTPUT FILES
============
- PDF Report: docs/step5_linkedin_report.pdf
- Markdown Source: docs/step5_linkedin_report.md
- Execution Log: logs/step5_linkedin_report.log

REPORT STRUCTURE
================
Page 1: Title Page + Executive Summary
Page 2: Key Insights + Performance Visuals + Error Analysis
Page 3: System Architecture + Closing Statement

DESIGN SPECIFICATIONS
=====================
- Format: PDF (US Letter, Portrait)
- Fonts: Arial/Helvetica (sans-serif)
- DPI: 300 (high resolution)
- Colors: Professional scheme matching visualizations
- Layout: Clean, LinkedIn-optimized

KEY CONTENT
===========
- Executive Summary (3 bullet points)
- Key Insights (5 performance highlights)
- Performance Dashboard (mini charts)
- Error Analysis (pie chart + policy timeline)
- System Architecture (flow diagram)
- Production Readiness Statement

LINKEDIN OPTIMIZATION
=====================
- Professional presentation style
- Executive-friendly language
- Visual highlights with captions
- Concise, impactful content
- Self-contained PDF format

EXECUTION COMPLETED
===================
Status: SUCCESS
Output: Professional LinkedIn-ready PDF report
Ready for: Social media sharing and professional presentation
